  gpRefraction.cpp
c:\programtest\hydrodynamics\trunk\source_vs2010\myprimitive6.h(34): warning C4838: 'double' から 'float' への変換には縮小変換が必要です
c:\programtest\hydrodynamics\trunk\source_vs2010\myprimitive6.h(48): warning C4838: 'double' から 'float' への変換には縮小変換が必要です
c:\programtest\hydrodynamics\trunk\source_vs2010\myprimitive6.h(153): warning C4838: 'double' から 'float' への変換には縮小変換が必要です
c:\programtest\hydrodynamics\trunk\source_vs2010\myprimitive6.h(2653): warning C4838: 'double' から 'float' への変換には縮小変換が必要です
c:\programtest\hydrodynamics\trunk\source_vs2010\myprimitive6.h(2654): warning C4838: 'double' から 'float' への変換には縮小変換が必要です
c:\programtest\hydrodynamics\trunk\source_vs2010\myprimitive6.h(2688): warning C4838: 'double' から 'float' への変換には縮小変換が必要です
c:\programtest\hydrodynamics\trunk\source_vs2010\myprimitive6.h(2691): warning C4838: 'double' から 'float' への変換には縮小変換が必要です
c:\programtest\hydrodynamics\trunk\source_vs2010\myprimitive6.h(2726): warning C4838: 'double' から 'float' への変換には縮小変換が必要です
c:\programtest\hydrodynamics\trunk\source_vs2010\myprimitive6.h(2727): warning C4838: 'double' から 'float' への変換には縮小変換が必要です
c:\programtest\hydrodynamics\trunk\source_vs2010\myprimitive6.h(2728): warning C4838: 'double' から 'float' への変換には縮小変換が必要です
c:\programtest\hydrodynamics\trunk\source_vs2010\rigid_parameters.h(15): warning C4838: 'double' から 'float' への変換には縮小変換が必要です
c:\programtest\hydrodynamics\trunk\source_vs2010\rigid_parameters.h(16): warning C4838: 'double' から 'float' への変換には縮小変換が必要です
c:\programtest\hydrodynamics\trunk\source_vs2010\rigid_parameters.h(17): warning C4838: 'double' から 'float' への変換には縮小変換が必要です
c:\programtest\hydrodynamics\trunk\source_vs2010\rigid_parameters.h(18): warning C4838: 'double' から 'float' への変換には縮小変換が必要です
c:\programtest\hydrodynamics\trunk\source_vs2010\rigid_parameters.h(19): warning C4838: 'double' から 'float' への変換には縮小変換が必要です
c:\programtest\hydrodynamics\trunk\source_vs2010\rigid_parameters.h(20): warning C4838: 'double' から 'float' への変換には縮小変換が必要です
c:\programtest\hydrodynamics\trunk\source_vs2010\rigid_parameters.h(21): warning C4838: 'double' から 'float' への変換には縮小変換が必要です
c:\programtest\hydrodynamics\trunk\source_vs2010\rigid_parameters.h(22): warning C4838: 'double' から 'float' への変換には縮小変換が必要です
c:\programtest\hydrodynamics\trunk\source_vs2010\rigid_parameters.h(23): warning C4838: 'double' から 'float' への変換には縮小変換が必要です
c:\programtest\hydrodynamics\trunk\source_vs2010\rigid_parameters.h(24): warning C4838: 'double' から 'float' への変換には縮小変換が必要です
c:\programtest\hydrodynamics\trunk\source_vs2010\rigid_parameters.h(25): warning C4838: 'double' から 'float' への変換には縮小変換が必要です
c:\programtest\hydrodynamics\trunk\source_vs2010\rigid_parameters.h(26): warning C4838: 'double' から 'float' への変換には縮小変換が必要です
c:\programtest\hydrodynamics\trunk\source_vs2010\rigid_parameters.h(27): warning C4838: 'double' から 'float' への変換には縮小変換が必要です
c:\programtest\hydrodynamics\trunk\source_vs2010\rigid_parameters.h(28): warning C4838: 'double' から 'float' への変換には縮小変換が必要です
c:\programtest\hydrodynamics\trunk\source_vs2010\rigid.h(70): warning C4838: 'double' から 'float' への変換には縮小変換が必要です
c:\programtest\hydrodynamics\trunk\source_vs2010\rigid.h(72): warning C4838: 'double' から 'float' への変換には縮小変換が必要です
c:\programtest\hydrodynamics\trunk\source_vs2010\support3d.h(37): warning C4838: 'double' から 'float' への変換には縮小変換が必要です
c:\programtest\hydrodynamics\trunk\source_vs2010\support3d.h(38): warning C4838: 'double' から 'float' への変換には縮小変換が必要です
c:\programtest\hydrodynamics\trunk\source_vs2010\support3d.h(39): warning C4838: 'double' から 'float' への変換には縮小変換が必要です
c:\programtest\hydrodynamics\trunk\source_vs2010\wave3\gprefraction.cpp(859): warning C4838: 'double' から 'float' への変換には縮小変換が必要です
c:\programtest\hydrodynamics\trunk\source_vs2010\wave3\gprefraction.cpp(862): warning C4838: 'double' から 'float' への変換には縮小変換が必要です
c:\programtest\hydrodynamics\trunk\source_vs2010\wave3\gprefraction.cpp(865): warning C4838: 'double' から 'float' への変換には縮小変換が必要です
c:\programtest\hydrodynamics\trunk\source_vs2010\wave3\gprefraction.cpp(974): warning C4838: 'double' から 'float' への変換には縮小変換が必要です
c:\programtest\hydrodynamics\trunk\source_vs2010\wave3\gprefraction.cpp(975): warning C4838: 'double' から 'float' への変換には縮小変換が必要です
c:\programtest\hydrodynamics\trunk\source_vs2010\wave3\gprefraction.cpp(976): warning C4838: 'double' から 'float' への変換には縮小変換が必要です
glui32d.lib(algebra3.obj) : warning LNK4099: PDB '_glui library.pdb' が 'glui32d.lib(algebra3.obj)' で、または 'C:\ProgramTest\Hydrodynamics\trunk\Source_VS2010\Wave3\Debug\_glui library.pdb' に見つかりません。デバッグ情報がないものとして、オブジェクトにリンクします。
glui32d.lib(arcball.obj) : warning LNK4099: PDB '_glui library.pdb' が 'glui32d.lib(arcball.obj)' で、または 'C:\ProgramTest\Hydrodynamics\trunk\Source_VS2010\Wave3\Debug\_glui library.pdb' に見つかりません。デバッグ情報がないものとして、オブジェクトにリンクします。
glui32d.lib(glui.obj) : warning LNK4099: PDB '_glui library.pdb' が 'glui32d.lib(glui.obj)' で、または 'C:\ProgramTest\Hydrodynamics\trunk\Source_VS2010\Wave3\Debug\_glui library.pdb' に見つかりません。デバッグ情報がないものとして、オブジェクトにリンクします。
glui32d.lib(glui_add_controls.obj) : warning LNK4099: PDB '_glui library.pdb' が 'glui32d.lib(glui_add_controls.obj)' で、または 'C:\ProgramTest\Hydrodynamics\trunk\Source_VS2010\Wave3\Debug\_glui library.pdb' に見つかりません。デバッグ情報がないものとして、オブジェクトにリンクします。
glui32d.lib(glui_bitmaps.obj) : warning LNK4099: PDB '_glui library.pdb' が 'glui32d.lib(glui_bitmaps.obj)' で、または 'C:\ProgramTest\Hydrodynamics\trunk\Source_VS2010\Wave3\Debug\_glui library.pdb' に見つかりません。デバッグ情報がないものとして、オブジェクトにリンクします。
glui32d.lib(glui_bitmap_img_data.obj) : warning LNK4099: PDB '_glui library.pdb' が 'glui32d.lib(glui_bitmap_img_data.obj)' で、または 'C:\ProgramTest\Hydrodynamics\trunk\Source_VS2010\Wave3\Debug\_glui library.pdb' に見つかりません。デバッグ情報がないものとして、オブジェクトにリンクします。
glui32d.lib(glui_button.obj) : warning LNK4099: PDB '_glui library.pdb' が 'glui32d.lib(glui_button.obj)' で、または 'C:\ProgramTest\Hydrodynamics\trunk\Source_VS2010\Wave3\Debug\_glui library.pdb' に見つかりません。デバッグ情報がないものとして、オブジェクトにリンクします。
glui32d.lib(glui_checkbox.obj) : warning LNK4099: PDB '_glui library.pdb' が 'glui32d.lib(glui_checkbox.obj)' で、または 'C:\ProgramTest\Hydrodynamics\trunk\Source_VS2010\Wave3\Debug\_glui library.pdb' に見つかりません。デバッグ情報がないものとして、オブジェクトにリンクします。
glui32d.lib(glui_column.obj) : warning LNK4099: PDB '_glui library.pdb' が 'glui32d.lib(glui_column.obj)' で、または 'C:\ProgramTest\Hydrodynamics\trunk\Source_VS2010\Wave3\Debug\_glui library.pdb' に見つかりません。デバッグ情報がないものとして、オブジェクトにリンクします。
glui32d.lib(glui_control.obj) : warning LNK4099: PDB '_glui library.pdb' が 'glui32d.lib(glui_control.obj)' で、または 'C:\ProgramTest\Hydrodynamics\trunk\Source_VS2010\Wave3\Debug\_glui library.pdb' に見つかりません。デバッグ情報がないものとして、オブジェクトにリンクします。
glui32d.lib(glui_edittext.obj) : warning LNK4099: PDB '_glui library.pdb' が 'glui32d.lib(glui_edittext.obj)' で、または 'C:\ProgramTest\Hydrodynamics\trunk\Source_VS2010\Wave3\Debug\_glui library.pdb' に見つかりません。デバッグ情報がないものとして、オブジェクトにリンクします。
glui32d.lib(glui_listbox.obj) : warning LNK4099: PDB '_glui library.pdb' が 'glui32d.lib(glui_listbox.obj)' で、または 'C:\ProgramTest\Hydrodynamics\trunk\Source_VS2010\Wave3\Debug\_glui library.pdb' に見つかりません。デバッグ情報がないものとして、オブジェクトにリンクします。
glui32d.lib(glui_mouse_iaction.obj) : warning LNK4099: PDB '_glui library.pdb' が 'glui32d.lib(glui_mouse_iaction.obj)' で、または 'C:\ProgramTest\Hydrodynamics\trunk\Source_VS2010\Wave3\Debug\_glui library.pdb' に見つかりません。デバッグ情報がないものとして、オブジェクトにリンクします。
glui32d.lib(glui_node.obj) : warning LNK4099: PDB '_glui library.pdb' が 'glui32d.lib(glui_node.obj)' で、または 'C:\ProgramTest\Hydrodynamics\trunk\Source_VS2010\Wave3\Debug\_glui library.pdb' に見つかりません。デバッグ情報がないものとして、オブジェクトにリンクします。
glui32d.lib(glui_panel.obj) : warning LNK4099: PDB '_glui library.pdb' が 'glui32d.lib(glui_panel.obj)' で、または 'C:\ProgramTest\Hydrodynamics\trunk\Source_VS2010\Wave3\Debug\_glui library.pdb' に見つかりません。デバッグ情報がないものとして、オブジェクトにリンクします。
glui32d.lib(glui_radio.obj) : warning LNK4099: PDB '_glui library.pdb' が 'glui32d.lib(glui_radio.obj)' で、または 'C:\ProgramTest\Hydrodynamics\trunk\Source_VS2010\Wave3\Debug\_glui library.pdb' に見つかりません。デバッグ情報がないものとして、オブジェクトにリンクします。
glui32d.lib(glui_rollout.obj) : warning LNK4099: PDB '_glui library.pdb' が 'glui32d.lib(glui_rollout.obj)' で、または 'C:\ProgramTest\Hydrodynamics\trunk\Source_VS2010\Wave3\Debug\_glui library.pdb' に見つかりません。デバッグ情報がないものとして、オブジェクトにリンクします。
glui32d.lib(glui_rotation.obj) : warning LNK4099: PDB '_glui library.pdb' が 'glui32d.lib(glui_rotation.obj)' で、または 'C:\ProgramTest\Hydrodynamics\trunk\Source_VS2010\Wave3\Debug\_glui library.pdb' に見つかりません。デバッグ情報がないものとして、オブジェクトにリンクします。
glui32d.lib(glui_separator.obj) : warning LNK4099: PDB '_glui library.pdb' が 'glui32d.lib(glui_separator.obj)' で、または 'C:\ProgramTest\Hydrodynamics\trunk\Source_VS2010\Wave3\Debug\_glui library.pdb' に見つかりません。デバッグ情報がないものとして、オブジェクトにリンクします。
glui32d.lib(glui_spinner.obj) : warning LNK4099: PDB '_glui library.pdb' が 'glui32d.lib(glui_spinner.obj)' で、または 'C:\ProgramTest\Hydrodynamics\trunk\Source_VS2010\Wave3\Debug\_glui library.pdb' に見つかりません。デバッグ情報がないものとして、オブジェクトにリンクします。
glui32d.lib(glui_statictext.obj) : warning LNK4099: PDB '_glui library.pdb' が 'glui32d.lib(glui_statictext.obj)' で、または 'C:\ProgramTest\Hydrodynamics\trunk\Source_VS2010\Wave3\Debug\_glui library.pdb' に見つかりません。デバッグ情報がないものとして、オブジェクトにリンクします。
glui32d.lib(glui_string.obj) : warning LNK4099: PDB '_glui library.pdb' が 'glui32d.lib(glui_string.obj)' で、または 'C:\ProgramTest\Hydrodynamics\trunk\Source_VS2010\Wave3\Debug\_glui library.pdb' に見つかりません。デバッグ情報がないものとして、オブジェクトにリンクします。
glui32d.lib(glui_translation.obj) : warning LNK4099: PDB '_glui library.pdb' が 'glui32d.lib(glui_translation.obj)' で、または 'C:\ProgramTest\Hydrodynamics\trunk\Source_VS2010\Wave3\Debug\_glui library.pdb' に見つかりません。デバッグ情報がないものとして、オブジェクトにリンクします。
glui32d.lib(glui_window.obj) : warning LNK4099: PDB '_glui library.pdb' が 'glui32d.lib(glui_window.obj)' で、または 'C:\ProgramTest\Hydrodynamics\trunk\Source_VS2010\Wave3\Debug\_glui library.pdb' に見つかりません。デバッグ情報がないものとして、オブジェクトにリンクします。
glui32d.lib(quaternion.obj) : warning LNK4099: PDB '_glui library.pdb' が 'glui32d.lib(quaternion.obj)' で、または 'C:\ProgramTest\Hydrodynamics\trunk\Source_VS2010\Wave3\Debug\_glui library.pdb' に見つかりません。デバッグ情報がないものとして、オブジェクトにリンクします。
  GP_Refraction.vcxproj -> C:\ProgramTest\Hydrodynamics\trunk\Source_VS2010\Wave3\Debug\GP_Refraction.exe
