c:\programtest\hydrodynamics\trunk\source_vs2010\wave4\debug\vc141.pdb
c:\programtest\hydrodynamics\trunk\source_vs2010\wave4\debug\vc141.idb
c:\programtest\hydrodynamics\trunk\source_vs2010\wave4\debug\stdafx.obj
c:\programtest\hydrodynamics\trunk\source_vs2010\wave4\debug\main.obj
c:\programtest\hydrodynamics\trunk\source_vs2010\wave4\debug\subglsl.obj
c:\programtest\hydrodynamics\trunk\source_vs2010\wave4\debug\wave.obj
c:\programtest\hydrodynamics\trunk\source_vs2010\wave4\debug\wave.pdb
c:\programtest\hydrodynamics\trunk\source_vs2010\wave4\debug\wave.tlog\cl.command.1.tlog
c:\programtest\hydrodynamics\trunk\source_vs2010\wave4\debug\wave.tlog\cl.read.1.tlog
c:\programtest\hydrodynamics\trunk\source_vs2010\wave4\debug\wave.tlog\cl.write.1.tlog
c:\programtest\hydrodynamics\trunk\source_vs2010\wave4\debug\wave.tlog\link-cvtres.read.1.tlog
c:\programtest\hydrodynamics\trunk\source_vs2010\wave4\debug\wave.tlog\link-cvtres.write.1.tlog
c:\programtest\hydrodynamics\trunk\source_vs2010\wave4\debug\wave.tlog\link-rc.read.1.tlog
c:\programtest\hydrodynamics\trunk\source_vs2010\wave4\debug\wave.tlog\link-rc.write.1.tlog
c:\programtest\hydrodynamics\trunk\source_vs2010\wave4\debug\wave.tlog\link.11852-cvtres.read.1.tlog
c:\programtest\hydrodynamics\trunk\source_vs2010\wave4\debug\wave.tlog\link.11852-cvtres.write.1.tlog
c:\programtest\hydrodynamics\trunk\source_vs2010\wave4\debug\wave.tlog\link.11852-rc.read.1.tlog
c:\programtest\hydrodynamics\trunk\source_vs2010\wave4\debug\wave.tlog\link.11852-rc.write.1.tlog
c:\programtest\hydrodynamics\trunk\source_vs2010\wave4\debug\wave.tlog\link.11852.read.1.tlog
c:\programtest\hydrodynamics\trunk\source_vs2010\wave4\debug\wave.tlog\link.11852.write.1.tlog
c:\programtest\hydrodynamics\trunk\source_vs2010\wave4\debug\wave.tlog\link.command.1.tlog
c:\programtest\hydrodynamics\trunk\source_vs2010\wave4\debug\wave.tlog\link.read.1.tlog
c:\programtest\hydrodynamics\trunk\source_vs2010\wave4\debug\wave.tlog\link.write.1.tlog
